GowinSynthesis start
Running parser ...
Analyzing Verilog file 'F:\GOWIN\Project\uart_sd_2\src\fifo_top\temp\FIFO\fifo_define.v'
Analyzing Verilog file 'F:\GOWIN\Project\uart_sd_2\src\fifo_top\temp\FIFO\fifo_parameter.v'
Analyzing Verilog file 'F:\GOWIN\Gowin_V1.9.9_x64\IDE\ipcore\FIFO\data\edc.v'
Analyzing included file 'fifo_define.v'("F:\GOWIN\Gowin_V1.9.9_x64\IDE\ipcore\FIFO\data\edc.v":14373)
Back to file 'F:\GOWIN\Gowin_V1.9.9_x64\IDE\ipcore\FIFO\data\edc.v'("F:\GOWIN\Gowin_V1.9.9_x64\IDE\ipcore\FIFO\data\edc.v":14373)
Undeclared symbol '**', assumed default net type '**'("F:\GOWIN\Gowin_V1.9.9_x64\IDE\ipcore\FIFO\data\edc.v":0)
Undeclared symbol '**', assumed default net type '**'("F:\GOWIN\Gowin_V1.9.9_x64\IDE\ipcore\FIFO\data\edc.v":0)
Analyzing Verilog file 'F:\GOWIN\Gowin_V1.9.9_x64\IDE\ipcore\FIFO\data\fifo.v'
Analyzing included file 'fifo_define.v'("F:\GOWIN\Gowin_V1.9.9_x64\IDE\ipcore\FIFO\data\fifo.v":553)
Back to file 'F:\GOWIN\Gowin_V1.9.9_x64\IDE\ipcore\FIFO\data\fifo.v'("F:\GOWIN\Gowin_V1.9.9_x64\IDE\ipcore\FIFO\data\fifo.v":553)
Analyzing included file 'fifo_parameter.v'("F:\GOWIN\Gowin_V1.9.9_x64\IDE\ipcore\FIFO\data\fifo.v":553)
Back to file 'F:\GOWIN\Gowin_V1.9.9_x64\IDE\ipcore\FIFO\data\fifo.v'("F:\GOWIN\Gowin_V1.9.9_x64\IDE\ipcore\FIFO\data\fifo.v":553)
Analyzing Verilog file 'F:\GOWIN\Gowin_V1.9.9_x64\IDE\ipcore\FIFO\data\fifo_top.v'
Analyzing included file 'fifo_define.v'("F:\GOWIN\Gowin_V1.9.9_x64\IDE\ipcore\FIFO\data\fifo_top.v":1)
Back to file 'F:\GOWIN\Gowin_V1.9.9_x64\IDE\ipcore\FIFO\data\fifo_top.v'("F:\GOWIN\Gowin_V1.9.9_x64\IDE\ipcore\FIFO\data\fifo_top.v":1)
Analyzing included file 'fifo_parameter.v'("F:\GOWIN\Gowin_V1.9.9_x64\IDE\ipcore\FIFO\data\fifo_top.v":56)
Back to file 'F:\GOWIN\Gowin_V1.9.9_x64\IDE\ipcore\FIFO\data\fifo_top.v'("F:\GOWIN\Gowin_V1.9.9_x64\IDE\ipcore\FIFO\data\fifo_top.v":56)
WARN  (EX2582) : Parameter 'WDEPTH' declared inside compilation unit '$unit_fifo_define_v' shall be treated as localparam("fifo_parameter.v":1)
WARN  (EX2582) : Parameter 'WDSIZE' declared inside compilation unit '$unit_fifo_define_v' shall be treated as localparam("fifo_parameter.v":2)
WARN  (EX2582) : Parameter 'RDEPTH' declared inside compilation unit '$unit_fifo_define_v' shall be treated as localparam("fifo_parameter.v":3)
WARN  (EX2582) : Parameter 'RDSIZE' declared inside compilation unit '$unit_fifo_define_v' shall be treated as localparam("fifo_parameter.v":4)
WARN  (EX2582) : Parameter 'ASIZE' declared inside compilation unit '$unit_fifo_define_v' shall be treated as localparam("fifo_parameter.v":5)
WARN  (EX2582) : Parameter 'RASIZE' declared inside compilation unit '$unit_fifo_define_v' shall be treated as localparam("fifo_parameter.v":6)
Compiling module 'fifo_top'("F:\GOWIN\Gowin_V1.9.9_x64\IDE\ipcore\FIFO\data\fifo_top.v":3)
Compiling module '**'("F:\GOWIN\Gowin_V1.9.9_x64\IDE\ipcore\FIFO\data\fifo.v":0)
Extracting RAM for identifier '**'("F:\GOWIN\Gowin_V1.9.9_x64\IDE\ipcore\FIFO\data\fifo.v":0)
NOTE  (EX0101) : Current top module is "fifo_top"
[5%] Running netlist conversion ...
Running device independent optimization ...
[10%] Optimizing Phase 0 completed
[15%] Optimizing Phase 1 completed
[25%] Optimizing Phase 2 completed
Running inference ...
[30%] Inferring Phase 0 completed
[40%] Inferring Phase 1 completed
[50%] Inferring Phase 2 completed
[55%] Inferring Phase 3 completed
Running technical mapping ...
[60%] Tech-Mapping Phase 0 completed
[65%] Tech-Mapping Phase 1 completed
[75%] Tech-Mapping Phase 2 completed
[80%] Tech-Mapping Phase 3 completed
[90%] Tech-Mapping Phase 4 completed
[95%] Generate netlist file "F:\GOWIN\Project\uart_sd_2\src\fifo_top\temp\FIFO\fifo_top.vg" completed
Generate template file "F:\GOWIN\Project\uart_sd_2\src\fifo_top\temp\FIFO\fifo_top_tmp.v" completed
[100%] Generate report file "F:\GOWIN\Project\uart_sd_2\src\fifo_top\temp\FIFO\fifo_top_syn.rpt.html" completed
GowinSynthesis finish
